++++++++++++++++++++++++++++++++++++++++++++++++++
++++++++++++++++++++++++++++++++++++++++++++++++++
++++++++++++++++++++++X+++++++++++++++++++++++++++
++++++++++++++++++++X+X+++++++++++++++++++++++++++
++++++++++XX++++++XX++++++++++++XX++++++++++++++++
+++++++++X+++X++++XX++++++++++++XX++++++++++++++XX
++++++++X+++++X+++XX++++++++++++++++++++++++++++XX
++++++++X+++X+XX++++X+X+++++++++++++++++++++++++++
++++++++X+++++X+++++++X+++++++++++++++++++++++++++
+++++++++X+++X++++++++++++++++++++++++++++++++++++
++++++++++XX++++++++++++++++++++++++++++++++++++++
++++++++++++++++++++++++++++++++++++++++++++++++++
++++++++++++++++++++++++++++++++++++++++++++++++++
++++++++++++++++++++++++++++++++++++++++++++++++++
++++++++++++++++++++++++++++++++++++++++++++++++++
++++++++++++++++++++++++++++++++++++++++++++++++++
++++++++++++++++++++++++++++++++++++++++++++++++++
++++++++++++++++++++++++++++++++++++++++++++++++++
++++++++++++++++++++++++++++++++++++++++++++++++++
++++++++++++++++++++++++++++++++++++++++++++++++++
++++++++++++++++++++++++++++++++++++++++++++++++++
++++++++++++++++++++++++++++++++++++++++++++++++++
++++++++++++++++++++++++++++++++++++++++++++++++++
++++++++++++++++++++++++++++++++++++++++++++++++++
++++++++++++++++++++++++++++++++++++++++++++++++++

--------------------------------------------------
--------------------------------------------------
--------------------------------------------------
--------------------------------------------------
----------X-------X-------------XX----------------
---------X----------------------XX--------------XX
--------X-----X---X-----------------------------XX
--------X-----XX----------------------------------
--------X-----X-----------------------------------
---------X----------------------------------------
----------X---------------------------------------
--------------------------------------------------
--------------------------------------------------
--------------------------------------------------
--------------------------------------------------
--------------------------------------------------
--------------------------------------------------
--------------------------------------------------
--------------------------------------------------
--------------------------------------------------
--------------------------------------------------
--------------------------------------------------
--------------------------------------------------
--------------------------------------------------
--------------------------------------------------

--------------------------------------------------
--------------------------------------------------
--------------------------------------------------
--------------------------------------------------
--------------------------------XX----------------
---------X----------------------XX--------------XX
--------XX----XX--------------------------------XX
-------XXX---XXX----------------------------------
--------XX----XX----------------------------------
---------X----------------------------------------
--------------------------------------------------
--------------------------------------------------
--------------------------------------------------
--------------------------------------------------
--------------------------------------------------
--------------------------------------------------
--------------------------------------------------
--------------------------------------------------
--------------------------------------------------
--------------------------------------------------
--------------------------------------------------
--------------------------------------------------
--------------------------------------------------
--------------------------------------------------
--------------------------------------------------

--------------------------------------------------
--------------------------------------------------
--------------------------------------------------
--------------------------------------------------
--------------------------------XX----------------
--------XX----------------------XX--------------XX
-------X--X--X-X--------------------------------XX
-------X--X--X--X---------------------------------
-------X--X--X-X----------------------------------
--------XX----------------------------------------
--------------------------------------------------
--------------------------------------------------
--------------------------------------------------
--------------------------------------------------
--------------------------------------------------
--------------------------------------------------
--------------------------------------------------
--------------------------------------------------
--------------------------------------------------
--------------------------------------------------
--------------------------------------------------
--------------------------------------------------
--------------------------------------------------
--------------------------------------------------
--------------------------------------------------

--------------------------------------------------
--------------------------------------------------
--------------------------------------------------
--------------------------------------------------
--------------------------------XX----------------
--------XX----------------------XX--------------XX
-------X--X---X---------------------------------XX
------XXXXXXXX-XX---------------------------------
-------X--X---X-----------------------------------
--------XX----------------------------------------
--------------------------------------------------
--------------------------------------------------
--------------------------------------------------
--------------------------------------------------
--------------------------------------------------
--------------------------------------------------
--------------------------------------------------
--------------------------------------------------
--------------------------------------------------
--------------------------------------------------
--------------------------------------------------
--------------------------------------------------
--------------------------------------------------
--------------------------------------------------
--------------------------------------------------

--------------------------------------------------
--------------------------------------------------
--------------------------------------------------
--------------------------------------------------
--------------------------------XX----------------
--------XX----------------------XX--------------XX
------X-----XXXX--------------------------------XX
------X-----XX-X----------------------------------
------X-----XXXX----------------------------------
--------XX----------------------------------------
--------------------------------------------------
--------------------------------------------------
--------------------------------------------------
--------------------------------------------------
--------------------------------------------------
--------------------------------------------------
--------------------------------------------------
--------------------------------------------------
--------------------------------------------------
--------------------------------------------------
--------------------------------------------------
--------------------------------------------------
--------------------------------------------------
--------------------------------------------------
--------------------------------------------------

--------------------------------------------------
--------------------------------------------------
--------------------------------------------------
--------------------------------------------------
--------------------------------XX----------------
-------------XX-----------------XX--------------XX
-------X----X--X--------------------------------XX
-----XXX---X----X---------------------------------
-------X----X--X----------------------------------
-------------XX-----------------------------------
--------------------------------------------------
--------------------------------------------------
--------------------------------------------------
--------------------------------------------------
--------------------------------------------------
--------------------------------------------------
--------------------------------------------------
--------------------------------------------------
--------------------------------------------------
--------------------------------------------------
--------------------------------------------------
--------------------------------------------------
--------------------------------------------------
--------------------------------------------------
--------------------------------------------------

--------------------------------------------------
--------------------------------------------------
--------------------------------------------------
--------------------------------------------------
--------------------------------XX----------------
-------------XX-----------------XX--------------XX
-------X----XXXX--------------------------------XX
-------XX--XX--XX---------------------------------
-------X----XXXX----------------------------------
-------------XX-----------------------------------
--------------------------------------------------
--------------------------------------------------
--------------------------------------------------
--------------------------------------------------
--------------------------------------------------
--------------------------------------------------
--------------------------------------------------
--------------------------------------------------
--------------------------------------------------
--------------------------------------------------
--------------------------------------------------
--------------------------------------------------
--------------------------------------------------
--------------------------------------------------
--------------------------------------------------

--------------------------------------------------
--------------------------------------------------
--------------------------------------------------
--------------------------------------------------
--------------------------------XX----------------
------------X--X----------------XX--------------XX
-------XX--X----X-------------------------------XX
------XXX--X----X---------------------------------
-------XX--X----X---------------------------------
------------X--X----------------------------------
--------------------------------------------------
--------------------------------------------------
--------------------------------------------------
--------------------------------------------------
--------------------------------------------------
--------------------------------------------------
--------------------------------------------------
--------------------------------------------------
--------------------------------------------------
--------------------------------------------------
--------------------------------------------------
--------------------------------------------------
--------------------------------------------------
--------------------------------------------------
--------------------------------------------------

