+++++++++++++++++++++++++
+++++++++++++++++++++++++
+++++++XX++++++++++++++++
+++++++X+++++++++++++++++
++++++++++X++++++++++++++
+++++++++XX++++++++++++++
+++++++++++++++++++++++++
+++++++++++++++++++++++++
+++++++++++++++++++++++++
+++++++++++++++++++++++++
+++++++++++++++++++++++++
+++++++++++++++++++++++++
+++++++++++++++++++++++++
+++++++++++++++++++++++++
+++++++++++++++++++++++++
+++++++++++++++++++++++++
+++++++++++++++++++++++++
+++++++++++++++++++++++++
+++++++++++++++++++++++++
+++++++++++++++++++++++++
+++X++++++++++++++++++++X
XXX+XX++++++++++++++++++X
XXXXX++++++++++++++++++++
XXXX+++++++++++++++++++++
+++++++++++++++++++++++++

-------------------------
-------------------------
-------XX----------------
-------X-----------------
----------X--------------
---------XX--------------
-------------------------
-------------------------
-------------------------
-------------------------
-------------------------
-------------------------
-------------------------
-------------------------
-------------------------
-------------------------
-------------------------
-------------------------
-------------------------
-------------------------
---X---------------------
X----X-------------------
-------------------------
X------------------------
-------------------------

-------------------------
-------------------------
-------XX----------------
-------XX----------------
---------XX--------------
---------XX--------------
-------------------------
-------------------------
-------------------------
-------------------------
-------------------------
-------------------------
-------------------------
-------------------------
-------------------------
-------------------------
-------------------------
-------------------------
-------------------------
-------------------------
-------------------------
-------------------------
-------------------------
-------------------------
-------------------------

-------------------------
-------------------------
-------XX----------------
-------X-----------------
----------X--------------
---------XX--------------
-------------------------
-------------------------
-------------------------
-------------------------
-------------------------
-------------------------
-------------------------
-------------------------
-------------------------
-------------------------
-------------------------
-------------------------
-------------------------
-------------------------
-------------------------
-------------------------
-------------------------
-------------------------
-------------------------

