+++++++++++++++++++++++++
+++++++++++++++++++++++++
++++++++++XX+++++++++++++
++++++++++X++++++++++++++
+++++++++++++X+++++++++++
++++++++++++XX+++++++++++
+++++++++++++++++++++++++
+++++++++++++++++++++++++
+++++++++++++++++++++++++
+++++++++++++++++++++++++
+++++++++++++++++++++++++
+++++++++++++++++++++++++
+++++++++++++++++++++++++
+++++++++++++++++++++++++
+++++++++++++++++++++++++
+++++++++++++++++++++++++
+++++++++++++++++++++++++
+++++++++++++++++++++++++
+++++++++++++++++++++++++
+++++++++++++++++++++++++
++++++X++++++++++++++++++
++XXXX+XX++++++++++++++++
++XXXXXX+++++++++++++++++
+++XXXX++++++++++++++++++
+++++++++++++++++++++++++

+++++++++++++++++++++++++
++++++++++XX+++++++++++++
+++++++++XXX+++++++++++++
+++++++++XX+X++++++++++++
+++++++++++X+XX++++++++++
++++++++++++XXX++++++++++
++++++++++++XX+++++++++++
+++++++++++++++++++++++++
+++++++++++++++++++++++++
+++++++++++++++++++++++++
+++++++++++++++++++++++++
+++++++++++++++++++++++++
+++++++++++++++++++++++++
+++++++++++++++++++++++++
+++++++++++++++++++++++++
+++++++++++++++++++++++++
+++++++++++++++++++++++++
+++++++++++++++++++++++++
+++++++++++++++++++++++++
+++++++++++++++++++++++++
++X+++X+X++++++++++++++++
+XXXXX+XX++++++++++++++++
+XXXXXXX+++++++++++++++++
+++XXXX++++++++++++++++++
+++X++X++++++++++++++++++

++++++++++XX+++++++++++++
++++++++++XXX++++++++++++
++++++++XXXX+++++++++++++
++++++++XXX+X+X++++++++++
+++++++++X+X+XXX+++++++++
++++++++++++XXXX+++++++++
+++++++++++XXX+++++++++++
++++++++++++XX+++++++++++
+++++++++++++++++++++++++
+++++++++++++++++++++++++
+++++++++++++++++++++++++
+++++++++++++++++++++++++
+++++++++++++++++++++++++
+++++++++++++++++++++++++
+++++++++++++++++++++++++
+++++++++++++++++++++++++
+++++++++++++++++++++++++
+++++++++++++++++++++++++
+++++++++++++++++++++++++
+++++++X+++++++++++++++++
++X+++X+XX+++++++++++++++
XXXXXX+XXX+++++++++++++++
XXXXXXXX+++++++++++++++++
+X+XXXX++++++++++++++++++
++XX++XX+++++++++++++++++

+++++++++XXX+++++++++++++
++++++++X+XXX++++++++++++
+++++++XXXXX+++++++++++++
+++++++XXXX+X+X++++++++++
+++++++++X+X+XXXX++++++++
++++++++++++XXXXX++++++++
+++++++++++XXX+X+++++++++
++++++++++++XXX++++++++++
++++++++++++XX+++++++++++
+++++++++++++++++++++++++
+++++++++++++++++++++++++
+++++++++++++++++++++++++
+++++++++++++++++++++++++
+++++++++++++++++++++++++
+++++++++++++++++++++++++
+++++++++++++++++++++++++
+++++++++++++++++++++++++
+++++++++++++++++++++++++
+++++++++++++++++++++++++
++++++XX+X+++++++++++++++
X+X+++X+XXX++++++++++++++
XXXXXX+XXXX++++++++++++++
XXXXXXXX+X+++++++++++++++
+X+XXXX+X++++++++++++++++
+XXX++XX+++++++++++++++++

++++++++++X+X++++++++++++
++++++++++++X++++++++++++
++++++++X++++X+++++++++++
++++++++++++X+XX+++++++++
++++++++XX+X+++++++++++++
++++++++++X++++X+++++++++
+++++++++++X+++++++++++++
+++++++++++X+X+++++++++++
+++++++++++++++++++++++++
+++++++++++++++++++++++++
+++++++++++++++++++++++++
+++++++++++++++++++++++++
+++++++++++++++++++++++++
+++++++++++++++++++++++++
+++++++++++++++++++++++++
+++++++++++++++++++++++++
+++++++++++++++++++++++++
+++++++++++++++++++++++++
+++++++++++++++++++++++++
+++++++XX++++++++++++++++
++X+XXX++X+++++++++++++++
X++++++++X+++++++++++++++
+++++++++++++++++++++++++
X++++++++++++++++++++++++
++XX++XX+++++++++++++++++

+++++++++++++++++++++++++
+++++++++X+X+++++++++++++
++++++++++++X++++++++++++
+++++++++X++XX+++++++++++
++++++++++XX++X++++++++++
+++++++++++X+++++++++++++
++++++++++++X+X++++++++++
+++++++++++++++++++++++++
+++++++++++++++++++++++++
+++++++++++++++++++++++++
+++++++++++++++++++++++++
+++++++++++++++++++++++++
+++++++++++++++++++++++++
+++++++++++++++++++++++++
+++++++++++++++++++++++++
+++++++++++++++++++++++++
+++++++++++++++++++++++++
+++++++++++++++++++++++++
+++++++++++++++++++++++++
+++++++++++++++++++++++++
+XX+XXX+X++++++++++++++++
++++++++X++++++++++++++++
+X++++++X++++++++++++++++
+++++++++++++++++++++++++
+++X++X++++++++++++++++++

++++++++++X++++++++++++++
+++++++++XXXX++++++++++++
++++++++XX++X++++++++++++
+++++++++X++XXX++++++++++
+++++++++XXX++X++++++++++
+++++++++++X++XX+++++++++
+++++++++++XXXX++++++++++
+++++++++++++X+++++++++++
+++++++++++++++++++++++++
+++++++++++++++++++++++++
+++++++++++++++++++++++++
+++++++++++++++++++++++++
+++++++++++++++++++++++++
+++++++++++++++++++++++++
+++++++++++++++++++++++++
+++++++++++++++++++++++++
+++++++++++++++++++++++++
+++++++++++++++++++++++++
+++++++++++++++++++++++++
+XXXX+XX+++++++++++++++++
+XXXXXX+XX+++++++++++++++
X++XX+X+X++++++++++++++++
+X+++++XXX+++++++++++++++
++X++++X+++++++++++++++++
+++X++X++++++++++++++++++

+++++++++++++++++++++++++
+++++++++++++++++++++++++
++++++++++XXXX+++++++++++
++++++++++X+XX+++++++++++
++++++++++XX+X+++++++++++
++++++++++XXXX+++++++++++
+++++++++++++++++++++++++
+++++++++++++++++++++++++
+++++++++++++++++++++++++
+++++++++++++++++++++++++
+++++++++++++++++++++++++
+++++++++++++++++++++++++
+++++++++++++++++++++++++
+++++++++++++++++++++++++
+++++++++++++++++++++++++
+++++++++++++++++++++++++
+++++++++++++++++++++++++
+++++++++++++++++++++++++
+++++++++++++++++++++++++
+++++X+++++++++++++++++++
+++++X+X+++++++++++++++++
+XX++X++XX+++++++++++++++
+++++++++++++++++++++++++
+++++++++++++++++++++++++
+++++++++++++++++++++++++

+++++++++++++++++++++++++
+++++++++++++++++++++++++
++++++++++XX+++++++++++++
++++++++++XX+++++++++++++
++++++++++++XX+++++++++++
++++++++++++XX+++++++++++
+++++++++++++++++++++++++
+++++++++++++++++++++++++
+++++++++++++++++++++++++
+++++++++++++++++++++++++
+++++++++++++++++++++++++
+++++++++++++++++++++++++
+++++++++++++++++++++++++
+++++++++++++++++++++++++
+++++++++++++++++++++++++
+++++++++++++++++++++++++
+++++++++++++++++++++++++
+++++++++++++++++++++++++
+++++++++++++++++++++++++
+++++++++++++++++++++++++
+++XXXXX+++++++++++++++++
++X+++++X++++++++++++++++
++++++++X++++++++++++++++
++X++++X+++++++++++++++++
++++XX+++++++++++++++++++

+++++++++++++++++++++++++
++++++++++XX+++++++++++++
+++++++++XXXX++++++++++++
+++++++++XXX+X+++++++++++
++++++++++X+XXX++++++++++
+++++++++++XXXX++++++++++
++++++++++++XX+++++++++++
+++++++++++++++++++++++++
+++++++++++++++++++++++++
+++++++++++++++++++++++++
+++++++++++++++++++++++++
+++++++++++++++++++++++++
+++++++++++++++++++++++++
+++++++++++++++++++++++++
+++++++++++++++++++++++++
+++++++++++++++++++++++++
+++++++++++++++++++++++++
+++++++++++++++++++++++++
+++++++++++++++++++++++++
+++X+++X+++++++++++++++++
++XXXXXXX++++++++++++++++
++X+++++XX+++++++++++++++
+XXX++++XX+++++++++++++++
++XXXXXXX++++++++++++++++
+++XXXX++++++++++++++++++

++++++++++XX+++++++++++++
++++++++++XX+++++++++++++
++++++++XXXXXX+++++++++++
++++++++XXXX+X+++++++++++
++++++++++X+XXXX+++++++++
++++++++++XXXXXX+++++++++
++++++++++++XX+++++++++++
++++++++++++XX+++++++++++
+++++++++++++++++++++++++
+++++++++++++++++++++++++
+++++++++++++++++++++++++
+++++++++++++++++++++++++
+++++++++++++++++++++++++
+++++++++++++++++++++++++
+++++++++++++++++++++++++
+++++++++++++++++++++++++
+++++++++++++++++++++++++
+++++++++++++++++++++++++
+++++++++++++++++++++++++
+++X+++X+++++++++++++++++
+XXXXXXXX++++++++++++++++
++X+++++XXX++++++++++++++
+XXX++++XXX++++++++++++++
++XXXXXXX++++++++++++++++
+++XXXX+X++++++++++++++++

+++++++++++++++++++++++++
+++++++++X++X++++++++++++
+++++++++++++++++++++++++
++++++++++++++X++++++++++
+++++++++X+++++++++++++++
+++++++++++++++++++++++++
+++++++++++X++X++++++++++
+++++++++++++++++++++++++
+++++++++++++++++++++++++
+++++++++++++++++++++++++
+++++++++++++++++++++++++
+++++++++++++++++++++++++
+++++++++++++++++++++++++
+++++++++++++++++++++++++
+++++++++++++++++++++++++
+++++++++++++++++++++++++
+++++++++++++++++++++++++
+++++++++++++++++++++++++
+++++++++++++++++++++++++
++XX+X+XX++++++++++++++++
++X+XXX++X+++++++++++++++
+++++XX++++++++++++++++++
+X+++XX++++++++++++++++++
+X++++++XX+++++++++++++++
++X++++++++++++++++++++++

+++++++++++++++++++++++++
+++++++++++++++++++++++++
++++++++++XX+++++++++++++
++++++++++X++++++++++++++
+++++++++++++X+++++++++++
++++++++++++XX+++++++++++
+++++++++++++++++++++++++
+++++++++++++++++++++++++
+++++++++++++++++++++++++
+++++++++++++++++++++++++
+++++++++++++++++++++++++
+++++++++++++++++++++++++
+++++++++++++++++++++++++
+++++++++++++++++++++++++
+++++++++++++++++++++++++
+++++++++++++++++++++++++
+++++++++++++++++++++++++
+++++++++++++++++++++++++
+++++++++++++++++++++++++
++++XXX++++++++++++++++++
+++XXXXX+++++++++++++++++
+++XXXX+X++++++++++++++++
+++++++XX++++++++++++++++
+++++++++++++++++++++++++
+++++++++++++++++++++++++

+++++++++++++++++++++++++
++++++++++XX+++++++++++++
+++++++++XXX+++++++++++++
+++++++++XX+X++++++++++++
+++++++++++X+XX++++++++++
++++++++++++XXX++++++++++
++++++++++++XX+++++++++++
+++++++++++++++++++++++++
+++++++++++++++++++++++++
+++++++++++++++++++++++++
+++++++++++++++++++++++++
+++++++++++++++++++++++++
+++++++++++++++++++++++++
+++++++++++++++++++++++++
+++++++++++++++++++++++++
+++++++++++++++++++++++++
+++++++++++++++++++++++++
+++++++++++++++++++++++++
++++X+X++++++++++++++++++
++++XXX++++++++++++++++++
++XXXXXXX++++++++++++++++
++XXXXX+XX+++++++++++++++
+++X+++XXX+++++++++++++++
+++++++XX++++++++++++++++
+++++++++++++++++++++++++

+++++++++++++++++++++++++
+++++++++++++++++++++++++
++++++++++XX+++++++++++++
++++++++++XX+++++++++++++
++++++++++++XX+++++++++++
++++++++++++XX+++++++++++
+++++++++++++++++++++++++
+++++++++++++++++++++++++
+++++++++++++++++++++++++
+++++++++++++++++++++++++
+++++++++++++++++++++++++
+++++++++++++++++++++++++
+++++++++++++++++++++++++
+++++++++++++++++++++++++
+++++++++++++++++++++++++
+++++++++++++++++++++++++
+++++++++++++++++++++++++
+++++++++++++++++++++++++
+++++X+++++++++++++++++++
+++X+++X+++++++++++++++++
+++++++++++++++++++++++++
+++X++++X++++++++++++++++
++++XXXXX++++++++++++++++
+++++++++++++++++++++++++
+++++++++++++++++++++++++

